# JRE version: OpenJDK Runtime Environment JBR-21.0.10+1-1163.110-jcef (21.0.10+1) (build 21.0.10+1-b1163.110)
# Java VM: OpenJDK 64-Bit Server VM JBR-21.0.10+1-1163.110-jcef (21.0.10+1-b1163.110, mixed mode, sharing, tiered, compressed oops, compressed class ptrs, parallel gc, windows-amd64)
GC Precious Log:
 CardTable entry size: 512
 CPUs: 32 total, 32 available
 Memory: 32462M
 Large Page Support: Disabled
 NUMA Support: Disabled
 Compressed Oops: Enabled (Zero based)
 Alignments: Space 512K, Generation 512K, Heap 2M
 Heap Min Capacity: 256M
 Heap Initial Capacity: 256M
 Heap Max Capacity: 6G
 Pre-touch: Disabled
 Parallel Workers: 23
Heap:
 PSYoungGen      total 81920K, used 32136K [0x0000000780000000, 0x0000000786380000, 0x0000000800000000)
  eden space 64000K, 41% used [0x0000000780000000,0x00000007819edea8,0x0000000783e80000)
  from space 17920K, 31% used [0x0000000785180000,0x00000007856f4338,0x0000000786300000)
  to   space 18944K, 0% used [0x0000000783e80000,0x0000000783e80000,0x0000000785100000)
 ParOldGen       total 175104K, used 23522K [0x0000000680000000, 0x000000068ab00000, 0x0000000780000000)
  object space 175104K, 13% used [0x0000000680000000,0x00000006816f8ba0,0x000000068ab00000)
 Metaspace       used 32978K, committed 33920K, reserved 491520K
  class space    used 4865K, committed 5312K, reserved 425984K
GC Heap History (14 events):
Event: 0.365 GC heap before
{Heap before GC invocations=1 (full 0):
 PSYoungGen      total 76288K, used 65536K [0x0000000780000000, 0x0000000785500000, 0x0000000800000000)
  eden space 65536K, 100% used [0x0000000780000000,0x0000000784000000,0x0000000784000000)
  from space 10752K, 0% used [0x0000000784a80000,0x0000000784a80000,0x0000000785500000)
  to   space 10752K, 0% used [0x0000000784000000,0x0000000784000000,0x0000000784a80000)
 ParOldGen       total 175104K, used 0K [0x0000000680000000, 0x000000068ab00000, 0x0000000780000000)
  object space 175104K, 0% used [0x0000000680000000,0x0000000680000000,0x000000068ab00000)
 Metaspace       used 2908K, committed 3136K, reserved 491520K
  class space    used 354K, committed 448K, reserved 425984K
}
Event: 0.366 GC heap after
{Heap after GC invocations=1 (full 0):
 PSYoungGen      total 76288K, used 10247K [0x0000000780000000, 0x0000000785500000, 0x0000000800000000)
  eden space 65536K, 0% used [0x0000000780000000,0x0000000780000000,0x0000000784000000)
  from space 10752K, 95% used [0x0000000784000000,0x0000000784a01da0,0x0000000784a80000)
  to   space 10752K, 0% used [0x0000000784a80000,0x0000000784a80000,0x0000000785500000)
 ParOldGen       total 175104K, used 16K [0x0000000680000000, 0x000000068ab00000, 0x0000000780000000)
  object space 175104K, 0% used [0x0000000680000000,0x0000000680004000,0x000000068ab00000)
 Metaspace       used 2908K, committed 3136K, reserved 491520K
  class space    used 354K, committed 448K, reserved 425984K
}
Event: 0.505 GC heap before
{Heap before GC invocations=2 (full 0):
 PSYoungGen      total 76288K, used 75783K [0x0000000780000000, 0x0000000785500000, 0x0000000800000000)
  eden space 65536K, 100% used [0x0000000780000000,0x0000000784000000,0x0000000784000000)
  from space 10752K, 95% used [0x0000000784000000,0x0000000784a01da0,0x0000000784a80000)
  to   space 10752K, 0% used [0x0000000784a80000,0x0000000784a80000,0x0000000785500000)
 ParOldGen       total 175104K, used 16K [0x0000000680000000, 0x000000068ab00000, 0x0000000780000000)
  object space 175104K, 0% used [0x0000000680000000,0x0000000680004000,0x000000068ab00000)
 Metaspace       used 3940K, committed 4160K, reserved 491520K
  class space    used 490K, committed 576K, reserved 425984K
}
Event: 0.506 GC heap after
{Heap after GC invocations=2 (full 0):
 PSYoungGen      total 76288K, used 10729K [0x0000000780000000, 0x0000000785500000, 0x0000000800000000)
  eden space 65536K, 0% used [0x0000000780000000,0x0000000780000000,0x0000000784000000)
  from space 10752K, 99% used [0x0000000784a80000,0x00000007854fa430,0x0000000785500000)
  to   space 10752K, 0% used [0x0000000784000000,0x0000000784000000,0x0000000784a80000)
 ParOldGen       total 175104K, used 270K [0x0000000680000000, 0x000000068ab00000, 0x0000000780000000)
  object space 175104K, 0% used [0x0000000680000000,0x0000000680043b48,0x000000068ab00000)
 Metaspace       used 3940K, committed 4160K, reserved 491520K
  class space    used 490K, committed 576K, reserved 425984K
}
Event: 0.697 GC heap before
{Heap before GC invocations=3 (full 0):
 PSYoungGen      total 76288K, used 76265K [0x0000000780000000, 0x0000000785500000, 0x0000000800000000)
  eden space 65536K, 100% used [0x0000000780000000,0x0000000784000000,0x0000000784000000)
  from space 10752K, 99% used [0x0000000784a80000,0x00000007854fa430,0x0000000785500000)
  to   space 10752K, 0% used [0x0000000784000000,0x0000000784000000,0x0000000784a80000)
 ParOldGen       total 175104K, used 270K [0x0000000680000000, 0x000000068ab00000, 0x0000000780000000)
  object space 175104K, 0% used [0x0000000680000000,0x0000000680043b48,0x000000068ab00000)
 Metaspace       used 4418K, committed 4608K, reserved 491520K
  class space    used 564K, committed 640K, reserved 425984K
}
Event: 0.699 GC heap after
{Heap after GC invocations=3 (full 0):
 PSYoungGen      total 76288K, used 10746K [0x0000000780000000, 0x0000000785500000, 0x0000000800000000)
  eden space 65536K, 0% used [0x0000000780000000,0x0000000780000000,0x0000000784000000)
  from space 10752K, 99% used [0x0000000784000000,0x0000000784a7e958,0x0000000784a80000)
  to   space 10752K, 0% used [0x0000000784a80000,0x0000000784a80000,0x0000000785500000)
 ParOldGen       total 175104K, used 5136K [0x0000000680000000, 0x000000068ab00000, 0x0000000780000000)
  object space 175104K, 2% used [0x0000000680000000,0x00000006805040a0,0x000000068ab00000)
 Metaspace       used 4418K, committed 4608K, reserved 491520K
  class space    used 564K, committed 640K, reserved 425984K
}
Event: 1.171 GC heap before
{Heap before GC invocations=4 (full 0):
 PSYoungGen      total 76288K, used 76282K [0x0000000780000000, 0x0000000785500000, 0x0000000800000000)
  eden space 65536K, 100% used [0x0000000780000000,0x0000000784000000,0x0000000784000000)
  from space 10752K, 99% used [0x0000000784000000,0x0000000784a7e958,0x0000000784a80000)
  to   space 10752K, 0% used [0x0000000784a80000,0x0000000784a80000,0x0000000785500000)
 ParOldGen       total 175104K, used 5136K [0x0000000680000000, 0x000000068ab00000, 0x0000000780000000)
  object space 175104K, 2% used [0x0000000680000000,0x00000006805040a0,0x000000068ab00000)
 Metaspace       used 15349K, committed 15872K, reserved 491520K
  class space    used 2239K, committed 2496K, reserved 425984K
}
Event: 1.174 GC heap after
{Heap after GC invocations=4 (full 0):
 PSYoungGen      total 76288K, used 10726K [0x0000000780000000, 0x0000000785500000, 0x0000000800000000)
  eden space 65536K, 0% used [0x0000000780000000,0x0000000780000000,0x0000000784000000)
  from space 10752K, 99% used [0x0000000784a80000,0x00000007854f9840,0x0000000785500000)
  to   space 10752K, 0% used [0x0000000784000000,0x0000000784000000,0x0000000784a80000)
 ParOldGen       total 175104K, used 10558K [0x0000000680000000, 0x000000068ab00000, 0x0000000780000000)
  object space 175104K, 6% used [0x0000000680000000,0x0000000680a4fa58,0x000000068ab00000)
 Metaspace       used 15349K, committed 15872K, reserved 491520K
  class space    used 2239K, committed 2496K, reserved 425984K
}
Event: 1.440 GC heap before
{Heap before GC invocations=5 (full 0):
 PSYoungGen      total 76288K, used 53678K [0x0000000780000000, 0x0000000785500000, 0x0000000800000000)
  eden space 65536K, 65% used [0x0000000780000000,0x00000007829f20f8,0x0000000784000000)
  from space 10752K, 99% used [0x0000000784a80000,0x00000007854f9840,0x0000000785500000)
  to   space 10752K, 0% used [0x0000000784000000,0x0000000784000000,0x0000000784a80000)
 ParOldGen       total 175104K, used 10558K [0x0000000680000000, 0x000000068ab00000, 0x0000000780000000)
  object space 175104K, 6% used [0x0000000680000000,0x0000000680a4fa58,0x000000068ab00000)
 Metaspace       used 20785K, committed 21504K, reserved 491520K
  class space    used 3192K, committed 3520K, reserved 425984K
}
Event: 1.442 GC heap after
{Heap after GC invocations=5 (full 0):
 PSYoungGen      total 76288K, used 10739K [0x0000000780000000, 0x0000000786300000, 0x0000000800000000)
  eden space 65536K, 0% used [0x0000000780000000,0x0000000780000000,0x0000000784000000)
  from space 10752K, 99% used [0x0000000784000000,0x0000000784a7cd98,0x0000000784a80000)
  to   space 17920K, 0% used [0x0000000785180000,0x0000000785180000,0x0000000786300000)
 ParOldGen       total 175104K, used 13652K [0x0000000680000000, 0x000000068ab00000, 0x0000000780000000)
  object space 175104K, 7% used [0x0000000680000000,0x0000000680d55030,0x000000068ab00000)
 Metaspace       used 20785K, committed 21504K, reserved 491520K
  class space    used 3192K, committed 3520K, reserved 425984K
}
Event: 1.442 GC heap before
{Heap before GC invocations=6 (full 1):
 PSYoungGen      total 76288K, used 10739K [0x0000000780000000, 0x0000000786300000, 0x0000000800000000)
  eden space 65536K, 0% used [0x0000000780000000,0x0000000780000000,0x0000000784000000)
  from space 10752K, 99% used [0x0000000784000000,0x0000000784a7cd98,0x0000000784a80000)
  to   space 17920K, 0% used [0x0000000785180000,0x0000000785180000,0x0000000786300000)
 ParOldGen       total 175104K, used 13652K [0x0000000680000000, 0x000000068ab00000, 0x0000000780000000)
  object space 175104K, 7% used [0x0000000680000000,0x0000000680d55030,0x000000068ab00000)
 Metaspace       used 20785K, committed 21504K, reserved 491520K
  class space    used 3192K, committed 3520K, reserved 425984K
}
Event: 1.453 GC heap after
{Heap after GC invocations=6 (full 1):
 PSYoungGen      total 76288K, used 0K [0x0000000780000000, 0x0000000786300000, 0x0000000800000000)
  eden space 65536K, 0% used [0x0000000780000000,0x0000000780000000,0x0000000784000000)
  from space 10752K, 0% used [0x0000000784000000,0x0000000784000000,0x0000000784a80000)
  to   space 17920K, 0% used [0x0000000785180000,0x0000000785180000,0x0000000786300000)
 ParOldGen       total 175104K, used 23514K [0x0000000680000000, 0x000000068ab00000, 0x0000000780000000)
  object space 175104K, 13% used [0x0000000680000000,0x00000006816f6ba0,0x000000068ab00000)
 Metaspace       used 20785K, committed 21504K, reserved 491520K
  class space    used 3192K, committed 3520K, reserved 425984K
}
Event: 1.792 GC heap before
{Heap before GC invocations=7 (full 1):
 PSYoungGen      total 76288K, used 65536K [0x0000000780000000, 0x0000000786300000, 0x0000000800000000)
  eden space 65536K, 100% used [0x0000000780000000,0x0000000784000000,0x0000000784000000)
  from space 10752K, 0% used [0x0000000784000000,0x0000000784000000,0x0000000784a80000)
  to   space 17920K, 0% used [0x0000000785180000,0x0000000785180000,0x0000000786300000)
 ParOldGen       total 175104K, used 23514K [0x0000000680000000, 0x000000068ab00000, 0x0000000780000000)
  object space 175104K, 13% used [0x0000000680000000,0x00000006816f6ba0,0x000000068ab00000)
 Metaspace       used 31010K, committed 31936K, reserved 491520K
  class space    used 4522K, committed 4992K, reserved 425984K
}
Event: 1.793 GC heap after
{Heap after GC invocations=7 (full 1):
 PSYoungGen      total 81920K, used 5584K [0x0000000780000000, 0x0000000786380000, 0x0000000800000000)
  eden space 64000K, 0% used [0x0000000780000000,0x0000000780000000,0x0000000783e80000)
  from space 17920K, 31% used [0x0000000785180000,0x00000007856f4338,0x0000000786300000)
  to   space 18944K, 0% used [0x0000000783e80000,0x0000000783e80000,0x0000000785100000)
 ParOldGen       total 175104K, used 23522K [0x0000000680000000, 0x000000068ab00000, 0x0000000780000000)
  object space 175104K, 13% used [0x0000000680000000,0x00000006816f8ba0,0x000000068ab00000)
 Metaspace       used 31010K, committed 31936K, reserved 491520K
  class space    used 4522K, committed 4992K, reserved 425984K
}

