# JRE version: OpenJDK Runtime Environment JBR-21.0.10+1-1163.110-jcef (21.0.10+1) (build 21.0.10+1-b1163.110)
# Java VM: OpenJDK 64-Bit Server VM JBR-21.0.10+1-1163.110-jcef (21.0.10+1-b1163.110, mixed mode, sharing, tiered, compressed oops, compressed class ptrs, parallel gc, windows-amd64)
GC Precious Log:
 CardTable entry size: 512
 CPUs: 32 total, 32 available
 Memory: 32462M
 Large Page Support: Disabled
 NUMA Support: Disabled
 Compressed Oops: Enabled (Zero based)
 Alignments: Space 512K, Generation 512K, Heap 2M
 Heap Min Capacity: 256M
 Heap Initial Capacity: 256M
 Heap Max Capacity: 6G
 Pre-touch: Disabled
 Parallel Workers: 23
Heap:
 PSYoungGen      total 1937408K, used 971039K [0x0000000780000000, 0x0000000800000000, 0x0000000800000000)
  eden space 1773568K, 54% used [0x0000000780000000,0x00000007bb447fc8,0x00000007ec400000)
  from space 163840K, 0% used [0x00000007f6000000,0x00000007f6000000,0x0000000800000000)
  to   space 159744K, 0% used [0x00000007ec400000,0x00000007ec400000,0x00000007f6000000)
 ParOldGen       total 1295360K, used 179516K [0x0000000680000000, 0x00000006cf100000, 0x0000000780000000)
  object space 1295360K, 13% used [0x0000000680000000,0x000000068af4f110,0x00000006cf100000)
 Metaspace       used 167365K, committed 169920K, reserved 622592K
  class space    used 22949K, committed 24192K, reserved 425984K
GC Heap History (20 events):
Event: 259.506 GC heap before
{Heap before GC invocations=83 (full 8):
 PSYoungGen      total 1966080K, used 1859101K [0x0000000780000000, 0x00000007ffc80000, 0x0000000800000000)
  eden space 1842688K, 100% used [0x0000000780000000,0x00000007f0780000,0x00000007f0780000)
  from space 123392K, 13% used [0x00000007f8400000,0x00000007f94074e8,0x00000007ffc80000)
  to   space 125440K, 0% used [0x00000007f0780000,0x00000007f0780000,0x00000007f8200000)
 ParOldGen       total 1246208K, used 1245868K [0x0000000680000000, 0x00000006cc100000, 0x0000000780000000)
  object space 1246208K, 99% used [0x0000000680000000,0x00000006cc0ab350,0x00000006cc100000)
 Metaspace       used 161230K, committed 163712K, reserved 622592K
  class space    used 22320K, committed 23488K, reserved 425984K
}
Event: 259.510 GC heap after
{Heap after GC invocations=83 (full 8):
 PSYoungGen      total 1968128K, used 13122K [0x0000000780000000, 0x0000000800000000, 0x0000000800000000)
  eden space 1842688K, 0% used [0x0000000780000000,0x0000000780000000,0x00000007f0780000)
  from space 125440K, 10% used [0x00000007f0780000,0x00000007f1450b30,0x00000007f8200000)
  to   space 124416K, 0% used [0x00000007f8680000,0x00000007f8680000,0x0000000800000000)
 ParOldGen       total 1254400K, used 1254130K [0x0000000680000000, 0x00000006cc900000, 0x0000000780000000)
  object space 1254400K, 99% used [0x0000000680000000,0x00000006cc8bcb98,0x00000006cc900000)
 Metaspace       used 161230K, committed 163712K, reserved 622592K
  class space    used 22320K, committed 23488K, reserved 425984K
}
Event: 259.733 GC heap before
{Heap before GC invocations=84 (full 8):
 PSYoungGen      total 1968128K, used 1855810K [0x0000000780000000, 0x0000000800000000, 0x0000000800000000)
  eden space 1842688K, 100% used [0x0000000780000000,0x00000007f0780000,0x00000007f0780000)
  from space 125440K, 10% used [0x00000007f0780000,0x00000007f1450b30,0x00000007f8200000)
  to   space 124416K, 0% used [0x00000007f8680000,0x00000007f8680000,0x0000000800000000)
 ParOldGen       total 1254400K, used 1254130K [0x0000000680000000, 0x00000006cc900000, 0x0000000780000000)
  object space 1254400K, 99% used [0x0000000680000000,0x00000006cc8bcb98,0x00000006cc900000)
 Metaspace       used 161235K, committed 163712K, reserved 622592K
  class space    used 22320K, committed 23488K, reserved 425984K
}
Event: 259.737 GC heap after
{Heap after GC invocations=84 (full 8):
 PSYoungGen      total 1967616K, used 9767K [0x0000000780000000, 0x00000007ffc00000, 0x0000000800000000)
  eden space 1847296K, 0% used [0x0000000780000000,0x0000000780000000,0x00000007f0c00000)
  from space 120320K, 8% used [0x00000007f8680000,0x00000007f9009c68,0x00000007ffc00000)
  to   space 122880K, 0% used [0x00000007f0c00000,0x00000007f0c00000,0x00000007f8400000)
 ParOldGen       total 1265152K, used 1264917K [0x0000000680000000, 0x00000006cd380000, 0x0000000780000000)
  object space 1265152K, 99% used [0x0000000680000000,0x00000006cd345670,0x00000006cd380000)
 Metaspace       used 161235K, committed 163712K, reserved 622592K
  class space    used 22320K, committed 23488K, reserved 425984K
}
Event: 259.911 GC heap before
{Heap before GC invocations=85 (full 8):
 PSYoungGen      total 1967616K, used 1857063K [0x0000000780000000, 0x00000007ffc00000, 0x0000000800000000)
  eden space 1847296K, 100% used [0x0000000780000000,0x00000007f0c00000,0x00000007f0c00000)
  from space 120320K, 8% used [0x00000007f8680000,0x00000007f9009c68,0x00000007ffc00000)
  to   space 122880K, 0% used [0x00000007f0c00000,0x00000007f0c00000,0x00000007f8400000)
 ParOldGen       total 1265152K, used 1264917K [0x0000000680000000, 0x00000006cd380000, 0x0000000780000000)
  object space 1265152K, 99% used [0x0000000680000000,0x00000006cd345670,0x00000006cd380000)
 Metaspace       used 161266K, committed 163712K, reserved 622592K
  class space    used 22320K, committed 23488K, reserved 425984K
}
Event: 259.915 GC heap after
{Heap after GC invocations=85 (full 8):
 PSYoungGen      total 1970176K, used 18022K [0x0000000780000000, 0x00000007ffb80000, 0x0000000800000000)
  eden space 1847296K, 0% used [0x0000000780000000,0x0000000780000000,0x00000007f0c00000)
  from space 122880K, 14% used [0x00000007f0c00000,0x00000007f1d99a20,0x00000007f8400000)
  to   space 119296K, 0% used [0x00000007f8700000,0x00000007f8700000,0x00000007ffb80000)
 ParOldGen       total 1272832K, used 1272507K [0x0000000680000000, 0x00000006cdb00000, 0x0000000780000000)
  object space 1272832K, 99% used [0x0000000680000000,0x00000006cdaaec50,0x00000006cdb00000)
 Metaspace       used 161266K, committed 163712K, reserved 622592K
  class space    used 22320K, committed 23488K, reserved 425984K
}
Event: 260.161 GC heap before
{Heap before GC invocations=86 (full 8):
 PSYoungGen      total 1970176K, used 1865318K [0x0000000780000000, 0x00000007ffb80000, 0x0000000800000000)
  eden space 1847296K, 100% used [0x0000000780000000,0x00000007f0c00000,0x00000007f0c00000)
  from space 122880K, 14% used [0x00000007f0c00000,0x00000007f1d99a20,0x00000007f8400000)
  to   space 119296K, 0% used [0x00000007f8700000,0x00000007f8700000,0x00000007ffb80000)
 ParOldGen       total 1272832K, used 1272507K [0x0000000680000000, 0x00000006cdb00000, 0x0000000780000000)
  object space 1272832K, 99% used [0x0000000680000000,0x00000006cdaaec50,0x00000006cdb00000)
 Metaspace       used 161282K, committed 163712K, reserved 622592K
  class space    used 22320K, committed 23488K, reserved 425984K
}
Event: 260.166 GC heap after
{Heap after GC invocations=86 (full 8):
 PSYoungGen      total 1970176K, used 9619K [0x0000000780000000, 0x00000007ff780000, 0x0000000800000000)
  eden space 1854976K, 0% used [0x0000000780000000,0x0000000780000000,0x00000007f1380000)
  from space 115200K, 8% used [0x00000007f8700000,0x00000007f9064d70,0x00000007ff780000)
  to   space 116736K, 0% used [0x00000007f1380000,0x00000007f1380000,0x00000007f8580000)
 ParOldGen       total 1287168K, used 1286658K [0x0000000680000000, 0x00000006ce900000, 0x0000000780000000)
  object space 1287168K, 99% used [0x0000000680000000,0x00000006ce880970,0x00000006ce900000)
 Metaspace       used 161282K, committed 163712K, reserved 622592K
  class space    used 22320K, committed 23488K, reserved 425984K
}
Event: 260.406 GC heap before
{Heap before GC invocations=87 (full 8):
 PSYoungGen      total 1970176K, used 1176770K [0x0000000780000000, 0x00000007ff780000, 0x0000000800000000)
  eden space 1854976K, 62% used [0x0000000780000000,0x00000007c73cbcb0,0x00000007f1380000)
  from space 115200K, 8% used [0x00000007f8700000,0x00000007f9064d70,0x00000007ff780000)
  to   space 116736K, 0% used [0x00000007f1380000,0x00000007f1380000,0x00000007f8580000)
 ParOldGen       total 1287168K, used 1286658K [0x0000000680000000, 0x00000006ce900000, 0x0000000780000000)
  object space 1287168K, 99% used [0x0000000680000000,0x00000006ce880970,0x00000006ce900000)
 Metaspace       used 161311K, committed 163776K, reserved 622592K
  class space    used 22321K, committed 23488K, reserved 425984K
}
Event: 260.413 GC heap after
{Heap after GC invocations=87 (full 8):
 PSYoungGen      total 1898496K, used 43116K [0x0000000780000000, 0x00000007feb80000, 0x0000000800000000)
  eden space 1854976K, 0% used [0x0000000780000000,0x0000000780000000,0x00000007f1380000)
  from space 43520K, 99% used [0x00000007f1380000,0x00000007f3d9b1d8,0x00000007f3e00000)
  to   space 110592K, 0% used [0x00000007f7f80000,0x00000007f7f80000,0x00000007feb80000)
 ParOldGen       total 1295360K, used 1294938K [0x0000000680000000, 0x00000006cf100000, 0x0000000780000000)
  object space 1295360K, 99% used [0x0000000680000000,0x00000006cf096b20,0x00000006cf100000)
 Metaspace       used 161311K, committed 163776K, reserved 622592K
  class space    used 22321K, committed 23488K, reserved 425984K
}
Event: 260.413 GC heap before
{Heap before GC invocations=88 (full 9):
 PSYoungGen      total 1898496K, used 43116K [0x0000000780000000, 0x00000007feb80000, 0x0000000800000000)
  eden space 1854976K, 0% used [0x0000000780000000,0x0000000780000000,0x00000007f1380000)
  from space 43520K, 99% used [0x00000007f1380000,0x00000007f3d9b1d8,0x00000007f3e00000)
  to   space 110592K, 0% used [0x00000007f7f80000,0x00000007f7f80000,0x00000007feb80000)
 ParOldGen       total 1295360K, used 1294938K [0x0000000680000000, 0x00000006cf100000, 0x0000000780000000)
  object space 1295360K, 99% used [0x0000000680000000,0x00000006cf096b20,0x00000006cf100000)
 Metaspace       used 161311K, committed 163776K, reserved 622592K
  class space    used 22321K, committed 23488K, reserved 425984K
}
Event: 260.503 GC heap after
{Heap after GC invocations=88 (full 9):
 PSYoungGen      total 1898496K, used 0K [0x0000000780000000, 0x00000007feb80000, 0x0000000800000000)
  eden space 1854976K, 0% used [0x0000000780000000,0x0000000780000000,0x00000007f1380000)
  from space 43520K, 0% used [0x00000007f1380000,0x00000007f1380000,0x00000007f3e00000)
  to   space 110592K, 0% used [0x00000007f7f80000,0x00000007f7f80000,0x00000007feb80000)
 ParOldGen       total 1295360K, used 338241K [0x0000000680000000, 0x00000006cf100000, 0x0000000780000000)
  object space 1295360K, 26% used [0x0000000680000000,0x0000000694a50758,0x00000006cf100000)
 Metaspace       used 161311K, committed 163776K, reserved 622592K
  class space    used 22321K, committed 23488K, reserved 425984K
}
Event: 261.808 GC heap before
{Heap before GC invocations=89 (full 9):
 PSYoungGen      total 1898496K, used 1854976K [0x0000000780000000, 0x00000007feb80000, 0x0000000800000000)
  eden space 1854976K, 100% used [0x0000000780000000,0x00000007f1380000,0x00000007f1380000)
  from space 43520K, 0% used [0x00000007f1380000,0x00000007f1380000,0x00000007f3e00000)
  to   space 110592K, 0% used [0x00000007f7f80000,0x00000007f7f80000,0x00000007feb80000)
 ParOldGen       total 1295360K, used 338241K [0x0000000680000000, 0x00000006cf100000, 0x0000000780000000)
  object space 1295360K, 26% used [0x0000000680000000,0x0000000694a50758,0x00000006cf100000)
 Metaspace       used 162744K, committed 165184K, reserved 622592K
  class space    used 22477K, committed 23616K, reserved 425984K
}
Event: 261.838 GC heap after
{Heap after GC invocations=89 (full 9):
 PSYoungGen      total 1856512K, used 110591K [0x0000000780000000, 0x0000000800000000, 0x0000000800000000)
  eden space 1745920K, 0% used [0x0000000780000000,0x0000000780000000,0x00000007ea900000)
  from space 110592K, 99% used [0x00000007f7f80000,0x00000007feb7ff80,0x00000007feb80000)
  to   space 175616K, 0% used [0x00000007ea900000,0x00000007ea900000,0x00000007f5480000)
 ParOldGen       total 1295360K, used 460210K [0x0000000680000000, 0x00000006cf100000, 0x0000000780000000)
  object space 1295360K, 35% used [0x0000000680000000,0x000000069c16cab0,0x00000006cf100000)
 Metaspace       used 162744K, committed 165184K, reserved 622592K
  class space    used 22477K, committed 23616K, reserved 425984K
}
Event: 264.087 GC heap before
{Heap before GC invocations=90 (full 9):
 PSYoungGen      total 1856512K, used 1856511K [0x0000000780000000, 0x0000000800000000, 0x0000000800000000)
  eden space 1745920K, 100% used [0x0000000780000000,0x00000007ea900000,0x00000007ea900000)
  from space 110592K, 99% used [0x00000007f7f80000,0x00000007feb7ff80,0x00000007feb80000)
  to   space 175616K, 0% used [0x00000007ea900000,0x00000007ea900000,0x00000007f5480000)
 ParOldGen       total 1295360K, used 460210K [0x0000000680000000, 0x00000006cf100000, 0x0000000780000000)
  object space 1295360K, 35% used [0x0000000680000000,0x000000069c16cab0,0x00000006cf100000)
 Metaspace       used 164978K, committed 167424K, reserved 622592K
  class space    used 22761K, committed 23936K, reserved 425984K
}
Event: 264.103 GC heap after
{Heap after GC invocations=90 (full 9):
 PSYoungGen      total 1921536K, used 58318K [0x0000000780000000, 0x0000000800000000, 0x0000000800000000)
  eden space 1745920K, 0% used [0x0000000780000000,0x0000000780000000,0x00000007ea900000)
  from space 175616K, 33% used [0x00000007ea900000,0x00000007ee1f3930,0x00000007f5480000)
  to   space 163840K, 0% used [0x00000007f6000000,0x00000007f6000000,0x0000000800000000)
 ParOldGen       total 1295360K, used 530509K [0x0000000680000000, 0x00000006cf100000, 0x0000000780000000)
  object space 1295360K, 40% used [0x0000000680000000,0x00000006a0613628,0x00000006cf100000)
 Metaspace       used 164978K, committed 167424K, reserved 622592K
  class space    used 22761K, committed 23936K, reserved 425984K
}
Event: 293.815 GC heap before
{Heap before GC invocations=91 (full 9):
 PSYoungGen      total 1921536K, used 349053K [0x0000000780000000, 0x0000000800000000, 0x0000000800000000)
  eden space 1745920K, 16% used [0x0000000780000000,0x0000000791bebeb8,0x00000007ea900000)
  from space 175616K, 33% used [0x00000007ea900000,0x00000007ee1f3930,0x00000007f5480000)
  to   space 163840K, 0% used [0x00000007f6000000,0x00000007f6000000,0x0000000800000000)
 ParOldGen       total 1295360K, used 530509K [0x0000000680000000, 0x00000006cf100000, 0x0000000780000000)
  object space 1295360K, 40% used [0x0000000680000000,0x00000006a0613628,0x00000006cf100000)
 Metaspace       used 165498K, committed 168064K, reserved 622592K
  class space    used 22771K, committed 24000K, reserved 425984K
}
Event: 293.826 GC heap after
{Heap after GC invocations=91 (full 9):
 PSYoungGen      total 1937408K, used 21242K [0x0000000780000000, 0x0000000800000000, 0x0000000800000000)
  eden space 1773568K, 0% used [0x0000000780000000,0x0000000780000000,0x00000007ec400000)
  from space 163840K, 12% used [0x00000007f6000000,0x00000007f74be850,0x0000000800000000)
  to   space 159744K, 0% used [0x00000007ec400000,0x00000007ec400000,0x00000007f6000000)
 ParOldGen       total 1295360K, used 588622K [0x0000000680000000, 0x00000006cf100000, 0x0000000780000000)
  object space 1295360K, 45% used [0x0000000680000000,0x00000006a3ed3a98,0x00000006cf100000)
 Metaspace       used 165498K, committed 168064K, reserved 622592K
  class space    used 22771K, committed 24000K, reserved 425984K
}
Event: 293.826 GC heap before
{Heap before GC invocations=92 (full 10):
 PSYoungGen      total 1937408K, used 21242K [0x0000000780000000, 0x0000000800000000, 0x0000000800000000)
  eden space 1773568K, 0% used [0x0000000780000000,0x0000000780000000,0x00000007ec400000)
  from space 163840K, 12% used [0x00000007f6000000,0x00000007f74be850,0x0000000800000000)
  to   space 159744K, 0% used [0x00000007ec400000,0x00000007ec400000,0x00000007f6000000)
 ParOldGen       total 1295360K, used 588622K [0x0000000680000000, 0x00000006cf100000, 0x0000000780000000)
  object space 1295360K, 45% used [0x0000000680000000,0x00000006a3ed3a98,0x00000006cf100000)
 Metaspace       used 165498K, committed 168064K, reserved 622592K
  class space    used 22771K, committed 24000K, reserved 425984K
}
Event: 293.898 GC heap after
{Heap after GC invocations=92 (full 10):
 PSYoungGen      total 1937408K, used 0K [0x0000000780000000, 0x0000000800000000, 0x0000000800000000)
  eden space 1773568K, 0% used [0x0000000780000000,0x0000000780000000,0x00000007ec400000)
  from space 163840K, 0% used [0x00000007f6000000,0x00000007f6000000,0x0000000800000000)
  to   space 159744K, 0% used [0x00000007ec400000,0x00000007ec400000,0x00000007f6000000)
 ParOldGen       total 1295360K, used 179516K [0x0000000680000000, 0x00000006cf100000, 0x0000000780000000)
  object space 1295360K, 13% used [0x0000000680000000,0x000000068af4f110,0x00000006cf100000)
 Metaspace       used 165498K, committed 168064K, reserved 622592K
  class space    used 22771K, committed 24000K, reserved 425984K
}

